time=2014-12-17T16:21:00.749CET | lvl=INFO | trans=N/A | function=main | comp=Orion | msg=contextBroker.cpp[1348]: Orion Context Broker is running
time=2014-12-17T16:21:00.750CET | lvl=INFO | trans=N/A | function=mongoConnect | comp=Orion | msg=MongoGlobal.cpp[164]: Successful connection to database
time=2014-12-17T16:21:00.751CET | lvl=INFO | trans=N/A | function=mongoInit | comp=Orion | msg=contextBroker.cpp[1157]: Connected to mongo at localhost:ftest
time=2014-12-17T16:21:00.806CET | lvl=INFO | trans=N/A | function=getOntimeIntervalsThreads | comp=Orion | msg=MongoGlobal.cpp[483]: Database Operation Successful ({ conditions.type: "ONTIMEINTERVAL" })
time=2014-12-17T16:21:00.807CET | lvl=INFO | trans=N/A | function=main | comp=Orion | msg=contextBroker.cpp[1435]: Startup completed
time=2014-12-17T16:21:02.828CET | lvl=INFO | trans=1418829660-749-00000000001 | function=connectionTreat | comp=Orion | msg=rest.cpp[697]: Starting transaction from 0.0.0.0:46314/v1/subscribeContext
time=2014-12-17T16:21:02.828CET | lvl=DEBUG | trans=1418829660-749-00000000001 | function=connectionTreat | comp=Orion | msg=rest.cpp[722]: KZ: incoming POST /v1/subscribeContext (/Madrid/#)
time=2014-12-17T16:21:02.828CET | lvl=DEBUG | trans=1418829660-749-00000000001 | function=connectionTreat | comp=Orion | msg=rest.cpp[725]: KZ: ----------------------------------------------------------------------------------------------------
time=2014-12-17T16:21:02.830CET | lvl=INFO | trans=1418829660-749-00000000001 | function=entitiesQuery | comp=Orion | msg=MongoGlobal.cpp[1078]: Database Operation Successful ({ query: { $or: [ { _id.id: "E" } ], _id.servicePath: { $in: [ /^/.*/, null ] }, attrs.name: { $in: [ "A1" ] } }, orderby: { creDate: 1 } })
time=2014-12-17T16:21:02.830CET | lvl=INFO | trans=1418829660-749-00000000001 | function=mongoSubscribeContext | comp=Orion | msg=mongoSubscribeContext.cpp[134]: Database Operation Successful (insert { _id: ObjectId('54919f5e985dbcc4702e3287'), expiration: 1421421662, reference: "http://127.0.0.1:9997/notify", throttling: 1, servicePath: "/Madrid/#", entities: [ { id: "E", type: "", isPattern: "false" } ], attrs: [ "A1" ], conditions: [ { type: "ONCHANGE", value: [ "A1" ] } ], format: "JSON" })
time=2014-12-17T16:21:02.831CET | lvl=INFO | trans=1418829660-749-00000000001 | function=requestCompleted | comp=Orion | msg=rest.cpp[382]: Transaction ended
time=2014-12-17T16:21:02.901CET | lvl=INFO | trans=1418829660-749-00000000002 | function=connectionTreat | comp=Orion | msg=rest.cpp[697]: Starting transaction from 0.0.0.0:46315/v1/contextEntities/type/T1/id/E
time=2014-12-17T16:21:02.901CET | lvl=DEBUG | trans=1418829660-749-00000000002 | function=connectionTreat | comp=Orion | msg=rest.cpp[722]: KZ: incoming POST /v1/contextEntities/type/T1/id/E (/Madrid)
time=2014-12-17T16:21:02.901CET | lvl=DEBUG | trans=1418829660-749-00000000002 | function=connectionTreat | comp=Orion | msg=rest.cpp[725]: KZ: ----------------------------------------------------------------------------------------------------
time=2014-12-17T16:21:02.903CET | lvl=INFO | trans=1418829660-749-00000000002 | function=processContextElement | comp=Orion | msg=MongoCommonUpdate.cpp[1632]: Database Operation Successful ({ _id.id: "E", _id.type: "T1", _id.servicePath: /^\/Madrid$|^\/Madrid\/.*/ })
time=2014-12-17T16:21:02.903CET | lvl=INFO | trans=1418829660-749-00000000002 | function=createEntity | comp=Orion | msg=MongoCommonUpdate.cpp[1431]: Database Operation Successful (insert { _id: { id: "E", type: "T1", servicePath: "/Madrid" }, attrs: [ { name: "A1", type: "AT", creDate: 1418829662, modDate: 1418829662, value: "V" } ], creDate: 1418829662, modDate: 1418829662 })
time=2014-12-17T16:21:02.903CET | lvl=DEBUG | trans=1418829660-749-00000000002 | function=addTriggeredSubscriptions | comp=Orion | msg=MongoCommonUpdate.cpp[779]: KZ: incoming service path: '/Madrid'
time=2014-12-17T16:21:02.903CET | lvl=DEBUG | trans=1418829660-749-00000000002 | function=addTriggeredSubscriptions | comp=Orion | msg=MongoCommonUpdate.cpp[783]: KZ: 1 components in incoming service path
time=2014-12-17T16:21:02.903CET | lvl=DEBUG | trans=1418829660-749-00000000002 | function=addTriggeredSubscriptions | comp=Orion | msg=MongoCommonUpdate.cpp[835]: KZ: REGEX: '^$|^\/\#$|^\/Madrid\/\#$|^\/Madrid$'
time=2014-12-17T16:21:02.903CET | lvl=DEBUG | trans=1418829660-749-00000000002 | function=addTriggeredSubscriptions | comp=Orion | msg=MongoCommonUpdate.cpp[891]: KZ: query:          '{ $or: [ { entities.id: "E", $or: [ { entities.type: "T1" }, { entities.type: { $exists: false } } ], entities.isPattern: "false", conditions.type: "ONCHANGE", conditions.value: "A1", expiration: { $gt: 1418829662 }, servicePath: { $regex: "^$|^\/\#$|^\/Madrid\/\#$|^\/Madrid$" } }, { entities.isPattern: "true", conditions.type: "ONCHANGE", conditions.value: "A1", expiration: { $gt: 1418829662 }, servicePath: { $regex: "^$|^\/\#$|^\/Madrid\/\#$|^\/Madrid$" }, $where: function(){for (var i=0; i < this.entities.length; i++) {if (this.enti... } ] }'
time=2014-12-17T16:21:02.904CET | lvl=INFO | trans=1418829660-749-00000000002 | function=addTriggeredSubscriptions | comp=Orion | msg=MongoCommonUpdate.cpp[912]: Database Operation Successful ({ $or: [ { entities.id: "E", $or: [ { entities.type: "T1" }, { entities.type: { $exists: false } } ], entities.isPattern: "false", conditions.type: "ONCHANGE", conditions.value: "A1", expiration: { $gt: 1418829662 }, servicePath: { $regex: "^$|^\/\#$|^\/Madrid\/\#$|^\/Madrid$" } }, { entities.isPattern: "true", conditions.type: "ONCHANGE", conditions.value: "A1", expiration: { $gt: 1418829662 }, servicePath: { $regex: "^$|^\/\#$|^\/Madrid\/\#$|^\/Madrid$" }, $where: function(){for (var i=0; i < this.entities.length; i++) {if (this.enti... } ] })
time=2014-12-17T16:21:02.906CET | lvl=INFO | trans=1418829660-749-00000000002 | function=requestCompleted | comp=Orion | msg=rest.cpp[382]: Transaction ended
time=2014-12-17T16:21:02.973CET | lvl=INFO | trans=1418829660-749-00000000003 | function=connectionTreat | comp=Orion | msg=rest.cpp[697]: Starting transaction from 0.0.0.0:46316/v1/contextEntities/type/T2/id/E
time=2014-12-17T16:21:02.973CET | lvl=DEBUG | trans=1418829660-749-00000000003 | function=connectionTreat | comp=Orion | msg=rest.cpp[722]: KZ: incoming POST /v1/contextEntities/type/T2/id/E (/Barcelona)
time=2014-12-17T16:21:02.973CET | lvl=DEBUG | trans=1418829660-749-00000000003 | function=connectionTreat | comp=Orion | msg=rest.cpp[725]: KZ: ----------------------------------------------------------------------------------------------------
time=2014-12-17T16:21:02.974CET | lvl=INFO | trans=1418829660-749-00000000003 | function=processContextElement | comp=Orion | msg=MongoCommonUpdate.cpp[1632]: Database Operation Successful ({ _id.id: "E", _id.type: "T2", _id.servicePath: /^\/Barcelona$|^\/Barcelona\/.*/ })
time=2014-12-17T16:21:02.975CET | lvl=INFO | trans=1418829660-749-00000000003 | function=createEntity | comp=Orion | msg=MongoCommonUpdate.cpp[1431]: Database Operation Successful (insert { _id: { id: "E", type: "T2", servicePath: "/Barcelona" }, attrs: [ { name: "A1", type: "AT", creDate: 1418829662, modDate: 1418829662, value: "V" } ], creDate: 1418829662, modDate: 1418829662 })
time=2014-12-17T16:21:02.975CET | lvl=DEBUG | trans=1418829660-749-00000000003 | function=addTriggeredSubscriptions | comp=Orion | msg=MongoCommonUpdate.cpp[779]: KZ: incoming service path: '/Barcelona'
time=2014-12-17T16:21:02.975CET | lvl=DEBUG | trans=1418829660-749-00000000003 | function=addTriggeredSubscriptions | comp=Orion | msg=MongoCommonUpdate.cpp[783]: KZ: 1 components in incoming service path
time=2014-12-17T16:21:02.975CET | lvl=DEBUG | trans=1418829660-749-00000000003 | function=addTriggeredSubscriptions | comp=Orion | msg=MongoCommonUpdate.cpp[835]: KZ: REGEX: '^$|^\/\#$|^\/Barcelona\/\#$|^\/Barcelona$'
time=2014-12-17T16:21:02.975CET | lvl=DEBUG | trans=1418829660-749-00000000003 | function=addTriggeredSubscriptions | comp=Orion | msg=MongoCommonUpdate.cpp[891]: KZ: query:          '{ $or: [ { entities.id: "E", $or: [ { entities.type: "T2" }, { entities.type: { $exists: false } } ], entities.isPattern: "false", conditions.type: "ONCHANGE", conditions.value: "A1", expiration: { $gt: 1418829662 }, servicePath: { $regex: "^$|^\/\#$|^\/Barcelona\/\#$|^\/Barcelona$" } }, { entities.isPattern: "true", conditions.type: "ONCHANGE", conditions.value: "A1", expiration: { $gt: 1418829662 }, servicePath: { $regex: "^$|^\/\#$|^\/Barcelona\/\#$|^\/Barcelona$" }, $where: function(){for (var i=0; i < this.entities.length; i++) {if (this.enti... } ] }'
time=2014-12-17T16:21:02.986CET | lvl=INFO | trans=1418829660-749-00000000003 | function=addTriggeredSubscriptions | comp=Orion | msg=MongoCommonUpdate.cpp[912]: Database Operation Successful ({ $or: [ { entities.id: "E", $or: [ { entities.type: "T2" }, { entities.type: { $exists: false } } ], entities.isPattern: "false", conditions.type: "ONCHANGE", conditions.value: "A1", expiration: { $gt: 1418829662 }, servicePath: { $regex: "^$|^\/\#$|^\/Barcelona\/\#$|^\/Barcelona$" } }, { entities.isPattern: "true", conditions.type: "ONCHANGE", conditions.value: "A1", expiration: { $gt: 1418829662 }, servicePath: { $regex: "^$|^\/\#$|^\/Barcelona\/\#$|^\/Barcelona$" }, $where: function(){for (var i=0; i < this.entities.length; i++) {if (this.enti... } ] })
time=2014-12-17T16:21:02.987CET | lvl=INFO | trans=1418829660-749-00000000003 | function=requestCompleted | comp=Orion | msg=rest.cpp[382]: Transaction ended
